<?xml version="1.0" encoding="UTF-8"?>
<testsuite name="lesson11.repositories.JdbcAccountRepositoryTest" tests="6" skipped="0" failures="0" errors="0" timestamp="2017-09-19T18:39:08" hostname="alexeyltd.local" time="0.239">
  <properties/>
  <testcase name="testGetNumberOfAccount" classname="lesson11.repositories.JdbcAccountRepositoryTest" time="0.088"/>
  <testcase name="deleteAccount" classname="lesson11.repositories.JdbcAccountRepositoryTest" time="0.084"/>
  <testcase name="testGetAccount" classname="lesson11.repositories.JdbcAccountRepositoryTest" time="0.019"/>
  <testcase name="testGetAccounts" classname="lesson11.repositories.JdbcAccountRepositoryTest" time="0.007"/>
  <testcase name="createAccount" classname="lesson11.repositories.JdbcAccountRepositoryTest" time="0.009"/>
  <testcase name="updateAccount" classname="lesson11.repositories.JdbcAccountRepositoryTest" time="0.013"/>
  <system-out><![CDATA[]]></system-out>
  <system-err><![CDATA[Sep 19, 2017 9:39:07 PM org.springframework.test.context.support.DefaultTestContextBootstrapper getDefaultTestExecutionListenerClassNames
INFO: Loaded default TestExecutionListener class names from location [META-INF/spring.factories]: [org.springframework.test.context.web.ServletTestExecutionListener, org.springframework.test.context.support.DirtiesContextBeforeModesTestExecutionListener, org.springframework.test.context.support.DependencyInjectionTestExecutionListener, org.springframework.test.context.support.DirtiesContextTestExecutionListener, org.springframework.test.context.transaction.TransactionalTestExecutionListener, org.springframework.test.context.jdbc.SqlScriptsTestExecutionListener]
Sep 19, 2017 9:39:07 PM org.springframework.test.context.support.DefaultTestContextBootstrapper instantiateListeners
INFO: Could not instantiate TestExecutionListener [org.springframework.test.context.web.ServletTestExecutionListener]. Specify custom listener classes or make the default listener classes (and their required dependencies) available. Offending class: [javax/servlet/ServletContext]
Sep 19, 2017 9:39:07 PM org.springframework.test.context.support.DefaultTestContextBootstrapper getTestExecutionListeners
INFO: Using TestExecutionListeners: [org.springframework.test.context.support.DirtiesContextBeforeModesTestExecutionListener@12d4b9b0, org.springframework.test.context.support.DependencyInjectionTestExecutionListener@2e1dce11, org.springframework.test.context.support.DirtiesContextTestExecutionListener@7bc95e90, org.springframework.test.context.transaction.TransactionalTestExecutionListener@33ed2d8d, org.springframework.test.context.jdbc.SqlScriptsTestExecutionListener@4431b79]
Sep 19, 2017 9:39:07 PM org.springframework.context.support.GenericApplicationContext prepareRefresh
INFO: Refreshing org.springframework.context.support.GenericApplicationContext@44ee30a6: startup date [Tue Sep 19 21:39:07 MSK 2017]; root of context hierarchy
Sep 19, 2017 9:39:07 PM org.springframework.jdbc.datasource.embedded.EmbeddedDatabaseFactory initDatabase
INFO: Starting embedded database: url='jdbc:h2:mem:f49e9583-ebcf-4671-a818-0acbd1e89469;DB_CLOSE_DELAY=-1;DB_CLOSE_ON_EXIT=false', username='sa'
Sep 19, 2017 9:39:08 PM org.springframework.jdbc.datasource.init.ScriptUtils executeSqlScript
INFO: Executing SQL script from class path resource [schema.sql]
Sep 19, 2017 9:39:08 PM org.springframework.jdbc.datasource.init.ScriptUtils executeSqlScript
INFO: Executed SQL script from class path resource [schema.sql] in 16 ms.
Sep 19, 2017 9:39:08 PM org.springframework.jdbc.datasource.init.ScriptUtils executeSqlScript
INFO: Executing SQL script from class path resource [data.sql]
Sep 19, 2017 9:39:08 PM org.springframework.jdbc.datasource.init.ScriptUtils executeSqlScript
INFO: Executed SQL script from class path resource [data.sql] in 5 ms.
Sep 19, 2017 9:39:08 PM org.springframework.test.context.transaction.TransactionContext startTransaction
INFO: Began transaction (1) for test context [DefaultTestContext@6f71c7d1 testClass = JdbcAccountRepositoryTest, testInstance = lesson11.repositories.JdbcAccountRepositoryTest@1bf372f0, testMethod = testGetNumberOfAccount@JdbcAccountRepositoryTest, testException = [null], mergedContextConfiguration = [MergedContextConfiguration@5bb5ede3 testClass = JdbcAccountRepositoryTest, locations = '{}', classes = '{class lesson11.config.AppConfig}', contextInitializerClasses = '[]', activeProfiles = '{test}', propertySourceLocations = '{}', propertySourceProperties = '{}', contextCustomizers = set[[empty]], contextLoader = 'org.springframework.test.context.support.DelegatingSmartContextLoader', parent = [null]]]; transaction manager [org.springframework.jdbc.datasource.DataSourceTransactionManager@ccccf66]; rollback [true]
Sep 19, 2017 9:39:08 PM org.springframework.test.context.transaction.TransactionContext endTransaction
INFO: Rolled back transaction for test context [DefaultTestContext@6f71c7d1 testClass = JdbcAccountRepositoryTest, testInstance = lesson11.repositories.JdbcAccountRepositoryTest@1bf372f0, testMethod = testGetNumberOfAccount@JdbcAccountRepositoryTest, testException = [null], mergedContextConfiguration = [MergedContextConfiguration@5bb5ede3 testClass = JdbcAccountRepositoryTest, locations = '{}', classes = '{class lesson11.config.AppConfig}', contextInitializerClasses = '[]', activeProfiles = '{test}', propertySourceLocations = '{}', propertySourceProperties = '{}', contextCustomizers = set[[empty]], contextLoader = 'org.springframework.test.context.support.DelegatingSmartContextLoader', parent = [null]]].
Sep 19, 2017 9:39:08 PM org.springframework.test.context.transaction.TransactionContext startTransaction
INFO: Began transaction (1) for test context [DefaultTestContext@6f71c7d1 testClass = JdbcAccountRepositoryTest, testInstance = lesson11.repositories.JdbcAccountRepositoryTest@778190aa, testMethod = deleteAccount@JdbcAccountRepositoryTest, testException = [null], mergedContextConfiguration = [MergedContextConfiguration@5bb5ede3 testClass = JdbcAccountRepositoryTest, locations = '{}', classes = '{class lesson11.config.AppConfig}', contextInitializerClasses = '[]', activeProfiles = '{test}', propertySourceLocations = '{}', propertySourceProperties = '{}', contextCustomizers = set[[empty]], contextLoader = 'org.springframework.test.context.support.DelegatingSmartContextLoader', parent = [null]]]; transaction manager [org.springframework.jdbc.datasource.DataSourceTransactionManager@ccccf66]; rollback [true]
Sep 19, 2017 9:39:08 PM org.springframework.test.context.transaction.TransactionContext endTransaction
INFO: Rolled back transaction for test context [DefaultTestContext@6f71c7d1 testClass = JdbcAccountRepositoryTest, testInstance = lesson11.repositories.JdbcAccountRepositoryTest@778190aa, testMethod = deleteAccount@JdbcAccountRepositoryTest, testException = [null], mergedContextConfiguration = [MergedContextConfiguration@5bb5ede3 testClass = JdbcAccountRepositoryTest, locations = '{}', classes = '{class lesson11.config.AppConfig}', contextInitializerClasses = '[]', activeProfiles = '{test}', propertySourceLocations = '{}', propertySourceProperties = '{}', contextCustomizers = set[[empty]], contextLoader = 'org.springframework.test.context.support.DelegatingSmartContextLoader', parent = [null]]].
Sep 19, 2017 9:39:08 PM org.springframework.test.context.transaction.TransactionContext startTransaction
INFO: Began transaction (1) for test context [DefaultTestContext@6f71c7d1 testClass = JdbcAccountRepositoryTest, testInstance = lesson11.repositories.JdbcAccountRepositoryTest@5b1e03b5, testMethod = testGetAccount@JdbcAccountRepositoryTest, testException = [null], mergedContextConfiguration = [MergedContextConfiguration@5bb5ede3 testClass = JdbcAccountRepositoryTest, locations = '{}', classes = '{class lesson11.config.AppConfig}', contextInitializerClasses = '[]', activeProfiles = '{test}', propertySourceLocations = '{}', propertySourceProperties = '{}', contextCustomizers = set[[empty]], contextLoader = 'org.springframework.test.context.support.DelegatingSmartContextLoader', parent = [null]]]; transaction manager [org.springframework.jdbc.datasource.DataSourceTransactionManager@ccccf66]; rollback [true]
Sep 19, 2017 9:39:08 PM org.springframework.test.context.transaction.TransactionContext endTransaction
INFO: Rolled back transaction for test context [DefaultTestContext@6f71c7d1 testClass = JdbcAccountRepositoryTest, testInstance = lesson11.repositories.JdbcAccountRepositoryTest@5b1e03b5, testMethod = testGetAccount@JdbcAccountRepositoryTest, testException = [null], mergedContextConfiguration = [MergedContextConfiguration@5bb5ede3 testClass = JdbcAccountRepositoryTest, locations = '{}', classes = '{class lesson11.config.AppConfig}', contextInitializerClasses = '[]', activeProfiles = '{test}', propertySourceLocations = '{}', propertySourceProperties = '{}', contextCustomizers = set[[empty]], contextLoader = 'org.springframework.test.context.support.DelegatingSmartContextLoader', parent = [null]]].
Sep 19, 2017 9:39:08 PM org.springframework.test.context.transaction.TransactionContext startTransaction
INFO: Began transaction (1) for test context [DefaultTestContext@6f71c7d1 testClass = JdbcAccountRepositoryTest, testInstance = lesson11.repositories.JdbcAccountRepositoryTest@cabc52e, testMethod = testGetAccounts@JdbcAccountRepositoryTest, testException = [null], mergedContextConfiguration = [MergedContextConfiguration@5bb5ede3 testClass = JdbcAccountRepositoryTest, locations = '{}', classes = '{class lesson11.config.AppConfig}', contextInitializerClasses = '[]', activeProfiles = '{test}', propertySourceLocations = '{}', propertySourceProperties = '{}', contextCustomizers = set[[empty]], contextLoader = 'org.springframework.test.context.support.DelegatingSmartContextLoader', parent = [null]]]; transaction manager [org.springframework.jdbc.datasource.DataSourceTransactionManager@ccccf66]; rollback [true]
Sep 19, 2017 9:39:08 PM org.springframework.test.context.transaction.TransactionContext endTransaction
INFO: Rolled back transaction for test context [DefaultTestContext@6f71c7d1 testClass = JdbcAccountRepositoryTest, testInstance = lesson11.repositories.JdbcAccountRepositoryTest@cabc52e, testMethod = testGetAccounts@JdbcAccountRepositoryTest, testException = [null], mergedContextConfiguration = [MergedContextConfiguration@5bb5ede3 testClass = JdbcAccountRepositoryTest, locations = '{}', classes = '{class lesson11.config.AppConfig}', contextInitializerClasses = '[]', activeProfiles = '{test}', propertySourceLocations = '{}', propertySourceProperties = '{}', contextCustomizers = set[[empty]], contextLoader = 'org.springframework.test.context.support.DelegatingSmartContextLoader', parent = [null]]].
Sep 19, 2017 9:39:08 PM org.springframework.test.context.transaction.TransactionContext startTransaction
INFO: Began transaction (1) for test context [DefaultTestContext@6f71c7d1 testClass = JdbcAccountRepositoryTest, testInstance = lesson11.repositories.JdbcAccountRepositoryTest@106271f4, testMethod = createAccount@JdbcAccountRepositoryTest, testException = [null], mergedContextConfiguration = [MergedContextConfiguration@5bb5ede3 testClass = JdbcAccountRepositoryTest, locations = '{}', classes = '{class lesson11.config.AppConfig}', contextInitializerClasses = '[]', activeProfiles = '{test}', propertySourceLocations = '{}', propertySourceProperties = '{}', contextCustomizers = set[[empty]], contextLoader = 'org.springframework.test.context.support.DelegatingSmartContextLoader', parent = [null]]]; transaction manager [org.springframework.jdbc.datasource.DataSourceTransactionManager@ccccf66]; rollback [true]
Sep 19, 2017 9:39:08 PM org.springframework.test.context.transaction.TransactionContext endTransaction
INFO: Rolled back transaction for test context [DefaultTestContext@6f71c7d1 testClass = JdbcAccountRepositoryTest, testInstance = lesson11.repositories.JdbcAccountRepositoryTest@106271f4, testMethod = createAccount@JdbcAccountRepositoryTest, testException = [null], mergedContextConfiguration = [MergedContextConfiguration@5bb5ede3 testClass = JdbcAccountRepositoryTest, locations = '{}', classes = '{class lesson11.config.AppConfig}', contextInitializerClasses = '[]', activeProfiles = '{test}', propertySourceLocations = '{}', propertySourceProperties = '{}', contextCustomizers = set[[empty]], contextLoader = 'org.springframework.test.context.support.DelegatingSmartContextLoader', parent = [null]]].
Sep 19, 2017 9:39:08 PM org.springframework.test.context.transaction.TransactionContext startTransaction
INFO: Began transaction (1) for test context [DefaultTestContext@6f71c7d1 testClass = JdbcAccountRepositoryTest, testInstance = lesson11.repositories.JdbcAccountRepositoryTest@6f9f1479, testMethod = updateAccount@JdbcAccountRepositoryTest, testException = [null], mergedContextConfiguration = [MergedContextConfiguration@5bb5ede3 testClass = JdbcAccountRepositoryTest, locations = '{}', classes = '{class lesson11.config.AppConfig}', contextInitializerClasses = '[]', activeProfiles = '{test}', propertySourceLocations = '{}', propertySourceProperties = '{}', contextCustomizers = set[[empty]], contextLoader = 'org.springframework.test.context.support.DelegatingSmartContextLoader', parent = [null]]]; transaction manager [org.springframework.jdbc.datasource.DataSourceTransactionManager@ccccf66]; rollback [true]
Sep 19, 2017 9:39:08 PM org.springframework.test.context.transaction.TransactionContext endTransaction
INFO: Rolled back transaction for test context [DefaultTestContext@6f71c7d1 testClass = JdbcAccountRepositoryTest, testInstance = lesson11.repositories.JdbcAccountRepositoryTest@6f9f1479, testMethod = updateAccount@JdbcAccountRepositoryTest, testException = [null], mergedContextConfiguration = [MergedContextConfiguration@5bb5ede3 testClass = JdbcAccountRepositoryTest, locations = '{}', classes = '{class lesson11.config.AppConfig}', contextInitializerClasses = '[]', activeProfiles = '{test}', propertySourceLocations = '{}', propertySourceProperties = '{}', contextCustomizers = set[[empty]], contextLoader = 'org.springframework.test.context.support.DelegatingSmartContextLoader', parent = [null]]].
]]></system-err>
</testsuite>
